Hmm ... looks like a package
Converting parsed Rd's to LaTeX 
Creating pdf output from LaTeX ...
This is pdfTeX, Version 3.141592653-2.6-1.40.24 (TeX Live 2022) (preloaded format=pdflatex)
 restricted \write18 enabled.
entering extended mode
(./Rd2.tex
LaTeX2e <2022-06-01> patch level 4
L3 programming layer <2022-07-01>
(c:/texlive/2022/texmf-dist/tex/latex/base/book.cls
Document Class: book 2021/10/04 v1.4n Standard LaTeX document class
(c:/texlive/2022/texmf-dist/tex/latex/base/bk10.clo))
(c:/Program Files/R/R-4.2.0/share/texmf/tex/latex/Rd.sty
(c:/texlive/2022/texmf-dist/tex/latex/base/ifthen.sty)
(c:/texlive/2022/texmf-dist/tex/latex/tools/longtable.sty)
(c:/texlive/2022/texmf-dist/tex/latex/tools/bm.sty)
(c:/texlive/2022/texmf-dist/tex/latex/base/alltt.sty)
(c:/texlive/2022/texmf-dist/tex/latex/tools/verbatim.sty)
(c:/texlive/2022/texmf-dist/tex/latex/url/url.sty)
(c:/texlive/2022/texmf-dist/tex/latex/base/textcomp.sty)
(c:/texlive/2022/texmf-dist/tex/generic/iftex/iftex.sty)
(c:/texlive/2022/texmf-dist/tex/latex/base/fontenc.sty)
(c:/texlive/2022/texmf-dist/tex/latex/psnfss/times.sty)
(c:/texlive/2022/texmf-dist/tex/latex/inconsolata/zi4.sty
`inconsolata-zi4' v1.12, 2019/05/17 Text macros for Inconsolata (msharpe)
(c:/texlive/2022/texmf-dist/tex/latex/xkeyval/xkeyval.sty
(c:/texlive/2022/texmf-dist/tex/generic/xkeyval/xkeyval.tex
(c:/texlive/2022/texmf-dist/tex/generic/xkeyval/xkvutils.tex
(c:/texlive/2022/texmf-dist/tex/generic/xkeyval/keyval.tex)))))
(c:/texlive/2022/texmf-dist/tex/latex/graphics/color.sty
(c:/texlive/2022/texmf-dist/tex/latex/graphics-cfg/color.cfg)
(c:/texlive/2022/texmf-dist/tex/latex/graphics-def/pdftex.def)
(c:/texlive/2022/texmf-dist/tex/latex/graphics/mathcolor.ltx))
(c:/texlive/2022/texmf-dist/tex/latex/hyperref/hyperref.sty
(c:/texlive/2022/texmf-dist/tex/generic/ltxcmds/ltxcmds.sty)
(c:/texlive/2022/texmf-dist/tex/generic/pdftexcmds/pdftexcmds.sty
(c:/texlive/2022/texmf-dist/tex/generic/infwarerr/infwarerr.sty))
(c:/texlive/2022/texmf-dist/tex/generic/kvsetkeys/kvsetkeys.sty)
(c:/texlive/2022/texmf-dist/tex/generic/kvdefinekeys/kvdefinekeys.sty)
(c:/texlive/2022/texmf-dist/tex/generic/pdfescape/pdfescape.sty)
(c:/texlive/2022/texmf-dist/tex/latex/hycolor/hycolor.sty)
(c:/texlive/2022/texmf-dist/tex/latex/letltxmacro/letltxmacro.sty)
(c:/texlive/2022/texmf-dist/tex/latex/auxhook/auxhook.sty)
(c:/texlive/2022/texmf-dist/tex/latex/hyperref/nameref.sty
(c:/texlive/2022/texmf-dist/tex/latex/refcount/refcount.sty)
(c:/texlive/2022/texmf-dist/tex/generic/gettitlestring/gettitlestring.sty
(c:/texlive/2022/texmf-dist/tex/latex/kvoptions/kvoptions.sty)))
(c:/texlive/2022/texmf-dist/tex/latex/hyperref/pd1enc.def)
(c:/texlive/2022/texmf-dist/tex/generic/intcalc/intcalc.sty)
(c:/texlive/2022/texmf-dist/tex/generic/etexcmds/etexcmds.sty)
(c:/texlive/2022/texmf-dist/tex/latex/hyperref/puenc.def)
(c:/texlive/2022/texmf-dist/tex/generic/bitset/bitset.sty
(c:/texlive/2022/texmf-dist/tex/generic/bigintcalc/bigintcalc.sty))
(c:/texlive/2022/texmf-dist/tex/latex/base/atbegshi-ltx.sty))
(c:/texlive/2022/texmf-dist/tex/latex/hyperref/hpdftex.def
(c:/texlive/2022/texmf-dist/tex/latex/base/atveryend-ltx.sty)
(c:/texlive/2022/texmf-dist/tex/latex/rerunfilecheck/rerunfilecheck.sty
(c:/texlive/2022/texmf-dist/tex/generic/uniquecounter/uniquecounter.sty)))

Package hyperref Warning: Option `hyperindex' has already been used,
(hyperref)                setting the option has no effect on input line 388.


Package hyperref Warning: Option `pagebackref' has already been used,
(hyperref)                setting the option has no effect on input line 388.

) (c:/texlive/2022/texmf-dist/tex/latex/base/makeidx.sty)
(c:/texlive/2022/texmf-dist/tex/latex/base/inputenc.sty)
Writing index file Rd2.idx
(c:/texlive/2022/texmf-dist/tex/latex/psnfss/t1ptm.fd)
(c:/texlive/2022/texmf-dist/tex/latex/l3backend/l3backend-pdftex.def)
No file Rd2.aux.
(c:/texlive/2022/texmf-dist/tex/context/base/mkii/supp-pdf.mkii
[Loading MPS to PDF converter (version 2006.09.02).]
) (c:/texlive/2022/texmf-dist/tex/latex/inconsolata/t1zi4.fd)
(c:/texlive/2022/texmf-dist/tex/latex/psnfss/t1phv.fd)
No file Rd2.toc.
[1{c:/texlive/2022/texmf-var/fonts/map/pdftex/updmap/pdftex.map}] [2] [3]
[4] [5] [6] [7]
Overfull \hbox (3.80737pt too wide) in paragraph at lines 355--356
\T1/ptm/m/n/10 ma-tion. This file should lo-cate at the ^^Pdata^^Q folder in th
e di-rec-tory of ^^Ppath_total^^Q.
[8]
No file Rd2.ind.
[9] (./Rd2.aux)

Package rerunfilecheck Warning: File `Rd2.out' has changed.
(rerunfilecheck)                Rerun to get outlines right
(rerunfilecheck)                or use package `bookmark'.

 )
(see the transcript file for additional information){c:/texlive/2022/texmf-dist
/fonts/enc/dvips/base/8r.enc}{c:/texlive/2022/texmf-dist/fonts/enc/dvips/incons
olata/i4-t1-0.enc}<c:/texlive/2022/texmf-dist/fonts/type1/public/inconsolata/In
consolata-zi4r.pfb><c:/texlive/2022/texmf-dist/fonts/type1/urw/helvetic/uhvr8a.
pfb><c:/texlive/2022/texmf-dist/fonts/type1/urw/times/utmb8a.pfb><c:/texlive/20
22/texmf-dist/fonts/type1/urw/times/utmr8a.pfb><c:/texlive/2022/texmf-dist/font
s/type1/urw/times/utmr8a.pfb><c:/texlive/2022/texmf-dist/fonts/type1/urw/times/
utmri8a.pfb>
Output written on Rd2.pdf (9 pages, 91709 bytes).
Transcript written on Rd2.log.
This is makeindex, version 2.16 [TeX Live 2022] (kpathsea + Thai support).
Scanning input file Rd2.idx....done (7 entries accepted, 0 rejected).
Sorting entries....done (17 comparisons).
Generating output file Rd2.ind....done (14 lines written, 0 warnings).
Output written in Rd2.ind.
Transcript written in Rd2.ilg.
This is pdfTeX, Version 3.141592653-2.6-1.40.24 (TeX Live 2022) (preloaded format=pdflatex)
 restricted \write18 enabled.
entering extended mode
(./Rd2.tex
LaTeX2e <2022-06-01> patch level 4
L3 programming layer <2022-07-01>
(c:/texlive/2022/texmf-dist/tex/latex/base/book.cls
Document Class: book 2021/10/04 v1.4n Standard LaTeX document class
(c:/texlive/2022/texmf-dist/tex/latex/base/bk10.clo))
(c:/Program Files/R/R-4.2.0/share/texmf/tex/latex/Rd.sty
(c:/texlive/2022/texmf-dist/tex/latex/base/ifthen.sty)
(c:/texlive/2022/texmf-dist/tex/latex/tools/longtable.sty)
(c:/texlive/2022/texmf-dist/tex/latex/tools/bm.sty)
(c:/texlive/2022/texmf-dist/tex/latex/base/alltt.sty)
(c:/texlive/2022/texmf-dist/tex/latex/tools/verbatim.sty)
(c:/texlive/2022/texmf-dist/tex/latex/url/url.sty)
(c:/texlive/2022/texmf-dist/tex/latex/base/textcomp.sty)
(c:/texlive/2022/texmf-dist/tex/generic/iftex/iftex.sty)
(c:/texlive/2022/texmf-dist/tex/latex/base/fontenc.sty)
(c:/texlive/2022/texmf-dist/tex/latex/psnfss/times.sty)
(c:/texlive/2022/texmf-dist/tex/latex/inconsolata/zi4.sty
`inconsolata-zi4' v1.12, 2019/05/17 Text macros for Inconsolata (msharpe)
(c:/texlive/2022/texmf-dist/tex/latex/xkeyval/xkeyval.sty
(c:/texlive/2022/texmf-dist/tex/generic/xkeyval/xkeyval.tex
(c:/texlive/2022/texmf-dist/tex/generic/xkeyval/xkvutils.tex
(c:/texlive/2022/texmf-dist/tex/generic/xkeyval/keyval.tex)))))
(c:/texlive/2022/texmf-dist/tex/latex/graphics/color.sty
(c:/texlive/2022/texmf-dist/tex/latex/graphics-cfg/color.cfg)
(c:/texlive/2022/texmf-dist/tex/latex/graphics-def/pdftex.def)
(c:/texlive/2022/texmf-dist/tex/latex/graphics/mathcolor.ltx))
(c:/texlive/2022/texmf-dist/tex/latex/hyperref/hyperref.sty
(c:/texlive/2022/texmf-dist/tex/generic/ltxcmds/ltxcmds.sty)
(c:/texlive/2022/texmf-dist/tex/generic/pdftexcmds/pdftexcmds.sty
(c:/texlive/2022/texmf-dist/tex/generic/infwarerr/infwarerr.sty))
(c:/texlive/2022/texmf-dist/tex/generic/kvsetkeys/kvsetkeys.sty)
(c:/texlive/2022/texmf-dist/tex/generic/kvdefinekeys/kvdefinekeys.sty)
(c:/texlive/2022/texmf-dist/tex/generic/pdfescape/pdfescape.sty)
(c:/texlive/2022/texmf-dist/tex/latex/hycolor/hycolor.sty)
(c:/texlive/2022/texmf-dist/tex/latex/letltxmacro/letltxmacro.sty)
(c:/texlive/2022/texmf-dist/tex/latex/auxhook/auxhook.sty)
(c:/texlive/2022/texmf-dist/tex/latex/hyperref/nameref.sty
(c:/texlive/2022/texmf-dist/tex/latex/refcount/refcount.sty)
(c:/texlive/2022/texmf-dist/tex/generic/gettitlestring/gettitlestring.sty
(c:/texlive/2022/texmf-dist/tex/latex/kvoptions/kvoptions.sty)))
(c:/texlive/2022/texmf-dist/tex/latex/hyperref/pd1enc.def)
(c:/texlive/2022/texmf-dist/tex/generic/intcalc/intcalc.sty)
(c:/texlive/2022/texmf-dist/tex/generic/etexcmds/etexcmds.sty)
(c:/texlive/2022/texmf-dist/tex/latex/hyperref/puenc.def)
(c:/texlive/2022/texmf-dist/tex/generic/bitset/bitset.sty
(c:/texlive/2022/texmf-dist/tex/generic/bigintcalc/bigintcalc.sty))
(c:/texlive/2022/texmf-dist/tex/latex/base/atbegshi-ltx.sty))
(c:/texlive/2022/texmf-dist/tex/latex/hyperref/hpdftex.def
(c:/texlive/2022/texmf-dist/tex/latex/base/atveryend-ltx.sty)
(c:/texlive/2022/texmf-dist/tex/latex/rerunfilecheck/rerunfilecheck.sty
(c:/texlive/2022/texmf-dist/tex/generic/uniquecounter/uniquecounter.sty)))

Package hyperref Warning: Option `hyperindex' has already been used,
(hyperref)                setting the option has no effect on input line 388.


Package hyperref Warning: Option `pagebackref' has already been used,
(hyperref)                setting the option has no effect on input line 388.

) (c:/texlive/2022/texmf-dist/tex/latex/base/makeidx.sty)
(c:/texlive/2022/texmf-dist/tex/latex/base/inputenc.sty)
Writing index file Rd2.idx
(c:/texlive/2022/texmf-dist/tex/latex/psnfss/t1ptm.fd)
(c:/texlive/2022/texmf-dist/tex/latex/l3backend/l3backend-pdftex.def)
(./Rd2.aux) (c:/texlive/2022/texmf-dist/tex/context/base/mkii/supp-pdf.mkii
[Loading MPS to PDF converter (version 2006.09.02).]
) (./Rd2.out) (./Rd2.out)
(c:/texlive/2022/texmf-dist/tex/latex/inconsolata/t1zi4.fd)
(c:/texlive/2022/texmf-dist/tex/latex/psnfss/t1phv.fd) (./Rd2.toc [1{c:/texlive
/2022/texmf-var/fonts/map/pdftex/updmap/pdftex.map}]) [2] [3] [4] [5] [6]
[7]
Overfull \hbox (3.80737pt too wide) in paragraph at lines 355--356
\T1/ptm/m/n/10 ma-tion. This file should lo-cate at the ^^Pdata^^Q folder in th
e di-rec-tory of ^^Ppath_total^^Q.
[8] (./Rd2.ind [9] [10]) (./Rd2.aux)

Package rerunfilecheck Warning: File `Rd2.out' has changed.
(rerunfilecheck)                Rerun to get outlines right
(rerunfilecheck)                or use package `bookmark'.

 )
(see the transcript file for additional information){c:/texlive/2022/texmf-dist
/fonts/enc/dvips/base/8r.enc}{c:/texlive/2022/texmf-dist/fonts/enc/dvips/incons
olata/i4-t1-0.enc}<c:/texlive/2022/texmf-dist/fonts/type1/public/inconsolata/In
consolata-zi4r.pfb><c:/texlive/2022/texmf-dist/fonts/type1/urw/helvetic/uhvr8a.
pfb><c:/texlive/2022/texmf-dist/fonts/type1/urw/times/utmb8a.pfb><c:/texlive/20
22/texmf-dist/fonts/type1/urw/times/utmr8a.pfb><c:/texlive/2022/texmf-dist/font
s/type1/urw/times/utmr8a.pfb><c:/texlive/2022/texmf-dist/fonts/type1/urw/times/
utmri8a.pfb>
Output written on Rd2.pdf (10 pages, 93339 bytes).
Transcript written on Rd2.log.
This is makeindex, version 2.16 [TeX Live 2022] (kpathsea + Thai support).
Scanning input file Rd2.idx....done (7 entries accepted, 0 rejected).
Sorting entries....done (17 comparisons).
Generating output file Rd2.ind....done (14 lines written, 0 warnings).
Output written in Rd2.ind.
Transcript written in Rd2.ilg.
This is pdfTeX, Version 3.141592653-2.6-1.40.24 (TeX Live 2022) (preloaded format=pdflatex)
 restricted \write18 enabled.
entering extended mode
(./Rd2.tex
LaTeX2e <2022-06-01> patch level 4
L3 programming layer <2022-07-01>
(c:/texlive/2022/texmf-dist/tex/latex/base/book.cls
Document Class: book 2021/10/04 v1.4n Standard LaTeX document class
(c:/texlive/2022/texmf-dist/tex/latex/base/bk10.clo))
(c:/Program Files/R/R-4.2.0/share/texmf/tex/latex/Rd.sty
(c:/texlive/2022/texmf-dist/tex/latex/base/ifthen.sty)
(c:/texlive/2022/texmf-dist/tex/latex/tools/longtable.sty)
(c:/texlive/2022/texmf-dist/tex/latex/tools/bm.sty)
(c:/texlive/2022/texmf-dist/tex/latex/base/alltt.sty)
(c:/texlive/2022/texmf-dist/tex/latex/tools/verbatim.sty)
(c:/texlive/2022/texmf-dist/tex/latex/url/url.sty)
(c:/texlive/2022/texmf-dist/tex/latex/base/textcomp.sty)
(c:/texlive/2022/texmf-dist/tex/generic/iftex/iftex.sty)
(c:/texlive/2022/texmf-dist/tex/latex/base/fontenc.sty)
(c:/texlive/2022/texmf-dist/tex/latex/psnfss/times.sty)
(c:/texlive/2022/texmf-dist/tex/latex/inconsolata/zi4.sty
`inconsolata-zi4' v1.12, 2019/05/17 Text macros for Inconsolata (msharpe)
(c:/texlive/2022/texmf-dist/tex/latex/xkeyval/xkeyval.sty
(c:/texlive/2022/texmf-dist/tex/generic/xkeyval/xkeyval.tex
(c:/texlive/2022/texmf-dist/tex/generic/xkeyval/xkvutils.tex
(c:/texlive/2022/texmf-dist/tex/generic/xkeyval/keyval.tex)))))
(c:/texlive/2022/texmf-dist/tex/latex/graphics/color.sty
(c:/texlive/2022/texmf-dist/tex/latex/graphics-cfg/color.cfg)
(c:/texlive/2022/texmf-dist/tex/latex/graphics-def/pdftex.def)
(c:/texlive/2022/texmf-dist/tex/latex/graphics/mathcolor.ltx))
(c:/texlive/2022/texmf-dist/tex/latex/hyperref/hyperref.sty
(c:/texlive/2022/texmf-dist/tex/generic/ltxcmds/ltxcmds.sty)
(c:/texlive/2022/texmf-dist/tex/generic/pdftexcmds/pdftexcmds.sty
(c:/texlive/2022/texmf-dist/tex/generic/infwarerr/infwarerr.sty))
(c:/texlive/2022/texmf-dist/tex/generic/kvsetkeys/kvsetkeys.sty)
(c:/texlive/2022/texmf-dist/tex/generic/kvdefinekeys/kvdefinekeys.sty)
(c:/texlive/2022/texmf-dist/tex/generic/pdfescape/pdfescape.sty)
(c:/texlive/2022/texmf-dist/tex/latex/hycolor/hycolor.sty)
(c:/texlive/2022/texmf-dist/tex/latex/letltxmacro/letltxmacro.sty)
(c:/texlive/2022/texmf-dist/tex/latex/auxhook/auxhook.sty)
(c:/texlive/2022/texmf-dist/tex/latex/hyperref/nameref.sty
(c:/texlive/2022/texmf-dist/tex/latex/refcount/refcount.sty)
(c:/texlive/2022/texmf-dist/tex/generic/gettitlestring/gettitlestring.sty
(c:/texlive/2022/texmf-dist/tex/latex/kvoptions/kvoptions.sty)))
(c:/texlive/2022/texmf-dist/tex/latex/hyperref/pd1enc.def)
(c:/texlive/2022/texmf-dist/tex/generic/intcalc/intcalc.sty)
(c:/texlive/2022/texmf-dist/tex/generic/etexcmds/etexcmds.sty)
(c:/texlive/2022/texmf-dist/tex/latex/hyperref/puenc.def)
(c:/texlive/2022/texmf-dist/tex/generic/bitset/bitset.sty
(c:/texlive/2022/texmf-dist/tex/generic/bigintcalc/bigintcalc.sty))
(c:/texlive/2022/texmf-dist/tex/latex/base/atbegshi-ltx.sty))
(c:/texlive/2022/texmf-dist/tex/latex/hyperref/hpdftex.def
(c:/texlive/2022/texmf-dist/tex/latex/base/atveryend-ltx.sty)
(c:/texlive/2022/texmf-dist/tex/latex/rerunfilecheck/rerunfilecheck.sty
(c:/texlive/2022/texmf-dist/tex/generic/uniquecounter/uniquecounter.sty)))

Package hyperref Warning: Option `hyperindex' has already been used,
(hyperref)                setting the option has no effect on input line 388.


Package hyperref Warning: Option `pagebackref' has already been used,
(hyperref)                setting the option has no effect on input line 388.

) (c:/texlive/2022/texmf-dist/tex/latex/base/makeidx.sty)
(c:/texlive/2022/texmf-dist/tex/latex/base/inputenc.sty)
Writing index file Rd2.idx
(c:/texlive/2022/texmf-dist/tex/latex/psnfss/t1ptm.fd)
(c:/texlive/2022/texmf-dist/tex/latex/l3backend/l3backend-pdftex.def)
(./Rd2.aux) (c:/texlive/2022/texmf-dist/tex/context/base/mkii/supp-pdf.mkii
[Loading MPS to PDF converter (version 2006.09.02).]
) (./Rd2.out) (./Rd2.out)
(c:/texlive/2022/texmf-dist/tex/latex/inconsolata/t1zi4.fd)
(c:/texlive/2022/texmf-dist/tex/latex/psnfss/t1phv.fd) (./Rd2.toc [1{c:/texlive
/2022/texmf-var/fonts/map/pdftex/updmap/pdftex.map}]) [2] [3] [4] [5] [6]
[7]
Overfull \hbox (3.80737pt too wide) in paragraph at lines 355--356
\T1/ptm/m/n/10 ma-tion. This file should lo-cate at the ^^Pdata^^Q folder in th
e di-rec-tory of ^^Ppath_total^^Q.
[8] (./Rd2.ind [9] [10]) (./Rd2.aux) )
(see the transcript file for additional information){c:/texlive/2022/texmf-dist
/fonts/enc/dvips/base/8r.enc}{c:/texlive/2022/texmf-dist/fonts/enc/dvips/incons
olata/i4-t1-0.enc}<c:/texlive/2022/texmf-dist/fonts/type1/public/inconsolata/In
consolata-zi4r.pfb><c:/texlive/2022/texmf-dist/fonts/type1/urw/helvetic/uhvr8a.
pfb><c:/texlive/2022/texmf-dist/fonts/type1/urw/times/utmb8a.pfb><c:/texlive/20
22/texmf-dist/fonts/type1/urw/times/utmr8a.pfb><c:/texlive/2022/texmf-dist/font
s/type1/urw/times/utmr8a.pfb><c:/texlive/2022/texmf-dist/fonts/type1/urw/times/
utmri8a.pfb>
Output written on Rd2.pdf (10 pages, 93680 bytes).
Transcript written on Rd2.log.
Saving output to 'GeoNetParallel-manual.pdf' ...
Done
You may want to clean up by 'rm -Rf C:/Users/15000/AppData/Local/Temp/Rtmp2LQ32j/Rd2pdf559c4888f38'
